#
# There is insufficient memory for the Java Runtime Environment to continue.
# Native memory allocation (malloc) failed to allocate 1269856 bytes for Chunk::new
# Possible reasons:
#   The system is out of physical RAM or swap space
#   In 32 bit mode, the process size limit was hit
# Possible solutions:
#   Reduce memory load on the system
#   Increase physical memory or swap space
#   Check if swap backing store is full
#   Use 64 bit Java on a 64 bit OS
#   Decrease Java heap size (-Xmx/-Xms)
#   Decrease number of Java threads
#   Decrease Java thread stack sizes (-Xss)
#   Set larger code cache with -XX:ReservedCodeCacheSize=
# This output file may be truncated or incomplete.
#
#  Out of Memory Error (allocation.cpp:390), pid=2508, tid=0x00000000000019c0
#
# JRE version: OpenJDK Runtime Environment (8.0_152-b06) (build 1.8.0_152-release-1136-b06)
# Java VM: OpenJDK 64-Bit Server VM (25.152-b06 mixed mode windows-amd64 compressed oops)
# Failed to write core dump. Minidumps are not enabled by default on client versions of Windows
#

---------------  T H R E A D  ---------------

Current thread (0x0000000016c0c800):  JavaThread "C2 CompilerThread0" daemon [_thread_in_native, id=6592, stack(0x00000000185e0000,0x00000000186e0000)]

Stack: [0x00000000185e0000,0x00000000186e0000]
[error occurred during error reporting (printing stack bounds), id 0xc0000005]

Native frames: (J=compiled Java code, j=interpreted, Vv=VM code, C=native code)


Current CompileTask:
C2: 116931 12352       4       com.android.tools.r8.ir.regalloc.LinearScanRegisterAllocator::allocateSingleInterval (797 bytes)


---------------  P R O C E S S  ---------------

Java Threads: ( => current thread )
  0x000000001cd07800 JavaThread "ForkJoinPool.commonPool-worker-2" daemon [_thread_blocked, id=9260, stack(0x0000000024640000,0x0000000024740000)]
  0x000000001cd00000 JavaThread "ForkJoinPool.commonPool-worker-1" daemon [_thread_in_vm, id=7028, stack(0x0000000024540000,0x0000000024640000)]
  0x000000001ccff000 JavaThread "ForkJoinPool.commonPool-worker-0" daemon [_thread_blocked, id=15608, stack(0x000000001ae90000,0x000000001af90000)]
  0x000000001ccfe800 JavaThread "Cache worker for Java compile cache (C:\Users\yoony\AndroidStudioProjects\OpenSourceAndroid\.gradle\4.6\javaCompile)" [_thread_blocked, id=15368, stack(0x0000000001140000,0x0000000001240000)]
  0x000000001cd02000 JavaThread "stdout" daemon [_thread_in_native, id=11792, stack(0x0000000023e40000,0x0000000023f40000)]
  0x000000001cd01800 JavaThread "stderr" daemon [_thread_in_native, id=12852, stack(0x0000000023d40000,0x0000000023e40000)]
  0x000000001cd04800 JavaThread "stdout" daemon [_thread_in_native, id=21324, stack(0x0000000023a60000,0x0000000023b60000)]
  0x000000001ccfd800 JavaThread "stderr" daemon [_thread_in_native, id=13084, stack(0x0000000023960000,0x0000000023a60000)]
  0x000000001cd00800 JavaThread "pool-3-thread-1" [_thread_blocked, id=17032, stack(0x0000000023c40000,0x0000000023d40000)]
  0x000000001ccca800 JavaThread "Task worker for ':' Thread 3" [_thread_blocked, id=4388, stack(0x0000000023660000,0x0000000023760000)]
  0x000000001ccca000 JavaThread "Task worker for ':' Thread 2" [_thread_blocked, id=11400, stack(0x0000000023560000,0x0000000023660000)]
  0x000000001ccc1800 JavaThread "Task worker for ':'" [_thread_blocked, id=20468, stack(0x0000000023460000,0x0000000023560000)]
  0x000000001ccc7800 JavaThread "Cache worker for Build Output Cleanup Cache (C:\Users\yoony\AndroidStudioProjects\OpenSourceAndroid\.gradle\buildOutputCleanup)" [_thread_blocked, id=8916, stack(0x0000000022300000,0x0000000022400000)]
  0x000000001ccc0000 JavaThread "Cache worker for task history cache (C:\Users\yoony\AndroidStudioProjects\OpenSourceAndroid\.gradle\4.6\taskHistory)" [_thread_blocked, id=21188, stack(0x0000000022200000,0x0000000022300000)]
  0x000000001ccc7000 JavaThread "Cache worker for file content cache (C:\Users\yoony\AndroidStudioProjects\OpenSourceAndroid\.gradle\4.6\fileContent)" [_thread_blocked, id=8464, stack(0x0000000021890000,0x0000000021990000)]
  0x000000001ccc2800 JavaThread "Memory manager" [_thread_blocked, id=20076, stack(0x0000000020f90000,0x0000000021090000)]
  0x0000000017fff000 JavaThread "Build operations Thread 4" [_thread_blocked, id=2412, stack(0x0000000020790000,0x0000000020890000)]
  0x0000000017ffd800 JavaThread "Build operations Thread 3" [_thread_blocked, id=10944, stack(0x0000000020690000,0x0000000020790000)]
  0x0000000017ffa800 JavaThread "Build operations Thread 2" [_thread_blocked, id=20640, stack(0x0000000020590000,0x0000000020690000)]
  0x0000000017ff9800 JavaThread "Build operations" [_thread_blocked, id=15896, stack(0x000000001e9d0000,0x000000001ead0000)]
  0x0000000017ffb000 JavaThread "Cache worker for Artifact transforms cache (C:\Users\yoony\.gradle\caches\transforms-1)" [_thread_blocked, id=8440, stack(0x000000001d830000,0x000000001d930000)]
  0x0000000018ede800 JavaThread "Cache worker for file hash cache (C:\Users\yoony\AndroidStudioProjects\OpenSourceAndroid\.gradle\4.6\fileHashes)" [_thread_blocked, id=19036, stack(0x000000001c360000,0x000000001c460000)]
  0x000000001a121800 JavaThread "File lock request listener" [_thread_in_native, id=4544, stack(0x000000001c260000,0x000000001c360000)]
  0x0000000019a0c800 JavaThread "Cache worker for file hash cache (C:\Users\yoony\.gradle\caches\4.6\fileHashes)" [_thread_blocked, id=8384, stack(0x000000001b190000,0x000000001b290000)]
  0x0000000018ec6800 JavaThread "Asynchronous log dispatcher for DefaultDaemonConnection: socket connection from /127.0.0.1:56956 to /127.0.0.1:56969" [_thread_blocked, id=18068, stack(0x000000001ad90000,0x000000001ae90000)]
  0x0000000019787000 JavaThread "Daemon worker" [_thread_blocked, id=9024, stack(0x000000001ac90000,0x000000001ad90000)]
  0x00000000181fe000 JavaThread "Cancel handler" [_thread_blocked, id=21180, stack(0x000000001ab90000,0x000000001ac90000)]
  0x0000000019b1b800 JavaThread "Handler for socket connection from /127.0.0.1:56956 to /127.0.0.1:56969" [_thread_in_native, id=1420, stack(0x000000001a890000,0x000000001a990000)]
  0x000000001807c800 JavaThread "Daemon" [_thread_blocked, id=19412, stack(0x000000001a790000,0x000000001a890000)]
  0x0000000018ddf000 JavaThread "Daemon periodic checks" [_thread_blocked, id=12620, stack(0x000000001a690000,0x000000001a790000)]
  0x0000000018e7b800 JavaThread "Incoming local TCP Connector on port 56956" [_thread_in_native, id=10088, stack(0x000000001a4b0000,0x000000001a5b0000)]
  0x0000000018052800 JavaThread "Service Thread" daemon [_thread_blocked, id=18564, stack(0x00000000188e0000,0x00000000189e0000)]
  0x0000000017ff9000 JavaThread "C1 CompilerThread2" daemon [_thread_blocked, id=8600, stack(0x00000000187e0000,0x00000000188e0000)]
  0x0000000017fea000 JavaThread "C2 CompilerThread1" daemon [_thread_in_native, id=22160, stack(0x00000000186e0000,0x00000000187e0000)]
=>0x0000000016c0c800 JavaThread "C2 CompilerThread0" daemon [_thread_in_native, id=6592, stack(0x00000000185e0000,0x00000000186e0000)]
  0x0000000016c59800 JavaThread "Attach Listener" daemon [_thread_blocked, id=19628, stack(0x00000000184e0000,0x00000000185e0000)]
  0x0000000017fe8800 JavaThread "Signal Dispatcher" daemon [_thread_blocked, id=21372, stack(0x00000000183e0000,0x00000000184e0000)]
  0x000000000328c000 JavaThread "Finalizer" daemon [_thread_blocked, id=15664, stack(0x0000000017e50000,0x0000000017f50000)]
  0x0000000003281000 JavaThread "Reference Handler" daemon [_thread_blocked, id=16112, stack(0x0000000017d50000,0x0000000017e50000)]
  0x0000000002dfd800 JavaThread "main" [_thread_blocked, id=20456, stack(0x0000000002cc0000,0x0000000002dc0000)]

Other Threads:
  0x0000000016bc5800 VMThread [stack: 0x0000000017c50000,0x0000000017d50000] [id=5048]
  0x0000000018053000 WatcherThread [stack: 0x00000000189e0000,0x0000000018ae0000] [id=20344]

VM state:not at safepoint (normal execution)

VM Mutex/Monitor currently owned by a thread: None

Heap:
 PSYoungGen      total 202752K, used 102049K [0x00000000e0000000, 0x00000000ef880000, 0x0000000100000000)
  eden space 184832K, 53% used [0x00000000e0000000,0x00000000e600e220,0x00000000eb480000)
  from space 17920K, 20% used [0x00000000eb480000,0x00000000eb81a5a8,0x00000000ec600000)
  to   space 17408K, 0% used [0x00000000ee780000,0x00000000ee780000,0x00000000ef880000)
 ParOldGen       total 86528K, used 61440K [0x00000000a0000000, 0x00000000a5480000, 0x00000000e0000000)
  object space 86528K, 71% used [0x00000000a0000000,0x00000000a3c00328,0x00000000a5480000)
 Metaspace       used 75607K, capacity 78478K, committed 78680K, reserved 1118208K
  class space    used 9931K, capacity 10550K, committed 10624K, reserved 1048576K

Card table byte_map: [0x0000000012650000,0x0000000012960000] byte_map_base: 0x0000000012150000

Marking Bits: (ParMarkBitMap*) 0x00000000662a5aa0
 Begin Bits: [0x0000000012f60000, 0x0000000014760000)
 End Bits:   [0x0000000014760000, 0x0000000015f60000)

Polling page: 0x0000000000f60000

CodeCache: size=245760Kb used=35493Kb max_used=35493Kb free=210266Kb
 bounds [0x0000000003290000, 0x0000000005560000, 0x0000000012290000]
 total_blobs=11490 nmethods=10648 adapters=753
 compilation: enabled

Compilation events (10 events):
Event: 116.881 Thread 0x0000000017ff9000 12662       2       com.google.common.util.concurrent.TrustedListenableFutureTask::afterDone (30 bytes)
Event: 116.882 Thread 0x0000000017ff9000 nmethod 12662 0x000000000555ad50 code [0x000000000555aec0, 0x000000000555b188]
Event: 116.883 Thread 0x0000000017ff9000 12664   !   2       com.google.common.util.concurrent.MoreExecutors$DirectExecutorService::execute (25 bytes)
Event: 116.883 Thread 0x0000000017ff9000 nmethod 12664 0x000000000555b310 code [0x000000000555b4a0, 0x000000000555b6b8]
Event: 116.883 Thread 0x0000000017ff9000 12666       2       java.util.concurrent.atomic.AtomicReference::compareAndSet (13 bytes)
Event: 116.883 Thread 0x0000000017ff9000 nmethod 12666 0x000000000555b7d0 code [0x000000000555b920, 0x000000000555bab0]
Event: 116.884 Thread 0x0000000017ff9000 12665   !   2       com.google.common.util.concurrent.MoreExecutors$DirectExecutorService::startTask (45 bytes)
Event: 116.884 Thread 0x0000000017ff9000 nmethod 12665 0x000000000555bb10 code [0x000000000555bc80, 0x000000000555c048]
Event: 116.884 Thread 0x0000000017ff9000 12667   !   2       com.google.common.util.concurrent.InterruptibleTask::run (60 bytes)
Event: 116.885 Thread 0x0000000017ff9000 nmethod 12667 0x000000000555c250 code [0x000000000555c400, 0x000000000555c768]

GC Heap History (10 events):
Event: 66.013 GC heap before
{Heap before GC invocations=20 (full 3):
 PSYoungGen      total 146432K, used 11976K [0x00000000e0000000, 0x00000000ec580000, 0x0000000100000000)
  eden space 132096K, 0% used [0x00000000e0000000,0x00000000e0000000,0x00000000e8100000)
  from space 14336K, 83% used [0x00000000e8100000,0x00000000e8cb22d0,0x00000000e8f00000)
  to   space 15872K, 0% used [0x00000000eb600000,0x00000000eb600000,0x00000000ec580000)
 ParOldGen       total 47104K, used 38948K [0x00000000a0000000, 0x00000000a2e00000, 0x00000000e0000000)
  object space 47104K, 82% used [0x00000000a0000000,0x00000000a26091d0,0x00000000a2e00000)
 Metaspace       used 57310K, capacity 58962K, committed 59028K, reserved 1099776K
  class space    used 7772K, capacity 8178K, committed 8192K, reserved 1048576K
Event: 67.413 GC heap after
Heap after GC invocations=20 (full 3):
 PSYoungGen      total 146432K, used 0K [0x00000000e0000000, 0x00000000ec580000, 0x0000000100000000)
  eden space 132096K, 0% used [0x00000000e0000000,0x00000000e0000000,0x00000000e8100000)
  from space 14336K, 0% used [0x00000000e8100000,0x00000000e8100000,0x00000000e8f00000)
  to   space 15872K, 0% used [0x00000000eb600000,0x00000000eb600000,0x00000000ec580000)
 ParOldGen       total 86528K, used 41120K [0x00000000a0000000, 0x00000000a5480000, 0x00000000e0000000)
  object space 86528K, 47% used [0x00000000a0000000,0x00000000a28281f8,0x00000000a5480000)
 Metaspace       used 57310K, capacity 58962K, committed 59028K, reserved 1099776K
  class space    used 7772K, capacity 8178K, committed 8192K, reserved 1048576K
}
Event: 87.508 GC heap before
{Heap before GC invocations=21 (full 3):
 PSYoungGen      total 146432K, used 132096K [0x00000000e0000000, 0x00000000ec580000, 0x0000000100000000)
  eden space 132096K, 100% used [0x00000000e0000000,0x00000000e8100000,0x00000000e8100000)
  from space 14336K, 0% used [0x00000000e8100000,0x00000000e8100000,0x00000000e8f00000)
  to   space 15872K, 0% used [0x00000000eb600000,0x00000000eb600000,0x00000000ec580000)
 ParOldGen       total 86528K, used 41120K [0x00000000a0000000, 0x00000000a5480000, 0x00000000e0000000)
  object space 86528K, 47% used [0x00000000a0000000,0x00000000a28281f8,0x00000000a5480000)
 Metaspace       used 62810K, capacity 64490K, committed 64728K, reserved 1105920K
  class space    used 8429K, capacity 8840K, committed 8960K, reserved 1048576K
Event: 87.735 GC heap after
Heap after GC invocations=21 (full 3):
 PSYoungGen      total 171008K, used 15844K [0x00000000e0000000, 0x00000000ec580000, 0x0000000100000000)
  eden space 155136K, 0% used [0x00000000e0000000,0x00000000e0000000,0x00000000e9780000)
  from space 15872K, 99% used [0x00000000eb600000,0x00000000ec5791c8,0x00000000ec580000)
  to   space 19456K, 0% used [0x00000000e9f80000,0x00000000e9f80000,0x00000000eb280000)
 ParOldGen       total 86528K, used 44678K [0x00000000a0000000, 0x00000000a5480000, 0x00000000e0000000)
  object space 86528K, 51% used [0x00000000a0000000,0x00000000a2ba1808,0x00000000a5480000)
 Metaspace       used 62810K, capacity 64490K, committed 64728K, reserved 1105920K
  class space    used 8429K, capacity 8840K, committed 8960K, reserved 1048576K
}
Event: 105.719 GC heap before
{Heap before GC invocations=22 (full 3):
 PSYoungGen      total 171008K, used 170190K [0x00000000e0000000, 0x00000000ec580000, 0x0000000100000000)
  eden space 155136K, 99% used [0x00000000e0000000,0x00000000e96ba7d8,0x00000000e9780000)
  from space 15872K, 99% used [0x00000000eb600000,0x00000000ec5791c8,0x00000000ec580000)
  to   space 19456K, 0% used [0x00000000e9f80000,0x00000000e9f80000,0x00000000eb280000)
 ParOldGen       total 86528K, used 44678K [0x00000000a0000000, 0x00000000a5480000, 0x00000000e0000000)
  object space 86528K, 51% used [0x00000000a0000000,0x00000000a2ba1808,0x00000000a5480000)
 Metaspace       used 65755K, capacity 67604K, committed 67800K, reserved 1107968K
  class space    used 8708K, capacity 9145K, committed 9216K, reserved 1048576K
Event: 106.303 GC heap after
Heap after GC invocations=22 (full 3):
 PSYoungGen      total 182784K, used 7943K [0x00000000e0000000, 0x00000000ed800000, 0x0000000100000000)
  eden space 163328K, 0% used [0x00000000e0000000,0x00000000e0000000,0x00000000e9f80000)
  from space 19456K, 40% used [0x00000000e9f80000,0x00000000ea741c48,0x00000000eb280000)
  to   space 18432K, 0% used [0x00000000ec600000,0x00000000ec600000,0x00000000ed800000)
 ParOldGen       total 86528K, used 56417K [0x00000000a0000000, 0x00000000a5480000, 0x00000000e0000000)
  object space 86528K, 65% used [0x00000000a0000000,0x00000000a3718440,0x00000000a5480000)
 Metaspace       used 65755K, capacity 67604K, committed 67800K, reserved 1107968K
  class space    used 8708K, capacity 9145K, committed 9216K, reserved 1048576K
}
Event: 107.063 GC heap before
{Heap before GC invocations=23 (full 3):
 PSYoungGen      total 182784K, used 170341K [0x00000000e0000000, 0x00000000ed800000, 0x0000000100000000)
  eden space 163328K, 99% used [0x00000000e0000000,0x00000000e9e977b8,0x00000000e9f80000)
  from space 19456K, 40% used [0x00000000e9f80000,0x00000000ea741c48,0x00000000eb280000)
  to   space 18432K, 0% used [0x00000000ec600000,0x00000000ec600000,0x00000000ed800000)
 ParOldGen       total 86528K, used 56417K [0x00000000a0000000, 0x00000000a5480000, 0x00000000e0000000)
  object space 86528K, 65% used [0x00000000a0000000,0x00000000a3718440,0x00000000a5480000)
 Metaspace       used 65763K, capacity 67668K, committed 67800K, reserved 1107968K
  class space    used 8708K, capacity 9145K, committed 9216K, reserved 1048576K
Event: 107.089 GC heap after
Heap after GC invocations=23 (full 3):
 PSYoungGen      total 203264K, used 6309K [0x00000000e0000000, 0x00000000ee200000, 0x0000000100000000)
  eden space 184832K, 0% used [0x00000000e0000000,0x00000000e0000000,0x00000000eb480000)
  from space 18432K, 34% used [0x00000000ec600000,0x00000000ecc29440,0x00000000ed800000)
  to   space 17920K, 0% used [0x00000000eb480000,0x00000000eb480000,0x00000000ec600000)
 ParOldGen       total 86528K, used 56417K [0x00000000a0000000, 0x00000000a5480000, 0x00000000e0000000)
  object space 86528K, 65% used [0x00000000a0000000,0x00000000a3718440,0x00000000a5480000)
 Metaspace       used 65763K, capacity 67668K, committed 67800K, reserved 1107968K
  class space    used 8708K, capacity 9145K, committed 9216K, reserved 1048576K
}
Event: 113.106 GC heap before
{Heap before GC invocations=24 (full 3):
 PSYoungGen      total 203264K, used 191141K [0x00000000e0000000, 0x00000000ee200000, 0x0000000100000000)
  eden space 184832K, 100% used [0x00000000e0000000,0x00000000eb480000,0x00000000eb480000)
  from space 18432K, 34% used [0x00000000ec600000,0x00000000ecc29440,0x00000000ed800000)
  to   space 17920K, 0% used [0x00000000eb480000,0x00000000eb480000,0x00000000ec600000)
 ParOldGen       total 86528K, used 56417K [0x00000000a0000000, 0x00000000a5480000, 0x00000000e0000000)
  object space 86528K, 65% used [0x00000000a0000000,0x00000000a3718440,0x00000000a5480000)
 Metaspace       used 67352K, capacity 69448K, committed 69592K, reserved 1110016K
  class space    used 8888K, capacity 9363K, committed 9472K, reserved 1048576K
Event: 113.207 GC heap after
Heap after GC invocations=24 (full 3):
 PSYoungGen      total 202752K, used 3689K [0x00000000e0000000, 0x00000000ef880000, 0x0000000100000000)
  eden space 184832K, 0% used [0x00000000e0000000,0x00000000e0000000,0x00000000eb480000)
  from space 17920K, 20% used [0x00000000eb480000,0x00000000eb81a5a8,0x00000000ec600000)
  to   space 17408K, 0% used [0x00000000ee780000,0x00000000ee780000,0x00000000ef880000)
 ParOldGen       total 86528K, used 61440K [0x00000000a0000000, 0x00000000a5480000, 0x00000000e0000000)
  object space 86528K, 71% used [0x00000000a0000000,0x00000000a3c00328,0x00000000a5480000)
 Metaspace       used 67352K, capacity 69448K, committed 69592K, reserved 1110016K
  class space    used 8888K, capacity 9363K, committed 9472K, reserved 1048576K
}

Deoptimization events (10 events):
Event: 116.466 Thread 0x000000001cd00000 Uncommon trap: reason=class_check action=maybe_recompile pc=0x0000000005482fa8 method=com.android.tools.r8.ir.code.BasicBlock.readCurrentDefinition(ILcom/android/tools/r8/ir/code/BasicBlock$EdgeType;)Lcom/android/tools/r8/ir/code/Value; @ 37
Event: 116.467 Thread 0x000000001cd00000 Uncommon trap: reason=class_check action=maybe_recompile pc=0x0000000005489914 method=com.android.tools.r8.ir.code.BasicBlock.readCurrentDefinition(ILcom/android/tools/r8/ir/code/BasicBlock$EdgeType;)Lcom/android/tools/r8/ir/code/Value; @ 37
Event: 116.467 Thread 0x000000001cd00000 Uncommon trap: reason=class_check action=maybe_recompile pc=0x000000000547f350 method=com.android.tools.r8.ir.code.BasicBlock.readCurrentDefinition(ILcom/android/tools/r8/ir/code/BasicBlock$EdgeType;)Lcom/android/tools/r8/ir/code/Value; @ 37
Event: 116.467 Thread 0x000000001cd00000 Uncommon trap: reason=class_check action=maybe_recompile pc=0x0000000005489914 method=com.android.tools.r8.ir.code.BasicBlock.readCurrentDefinition(ILcom/android/tools/r8/ir/code/BasicBlock$EdgeType;)Lcom/android/tools/r8/ir/code/Value; @ 37
Event: 116.467 Thread 0x000000001cd00000 Uncommon trap: reason=unstable_if action=reinterpret pc=0x000000000532a650 method=com.android.tools.r8.graph.DexString.countBytes(Ljava/lang/String;)I @ 25
Event: 116.467 Thread 0x000000001cd00000 Uncommon trap: reason=class_check action=maybe_recompile pc=0x0000000005482fa8 method=com.android.tools.r8.ir.code.BasicBlock.readCurrentDefinition(ILcom/android/tools/r8/ir/code/BasicBlock$EdgeType;)Lcom/android/tools/r8/ir/code/Value; @ 37
Event: 116.467 Thread 0x000000001cd00000 Uncommon trap: reason=class_check action=maybe_recompile pc=0x000000000547f350 method=com.android.tools.r8.ir.code.BasicBlock.readCurrentDefinition(ILcom/android/tools/r8/ir/code/BasicBlock$EdgeType;)Lcom/android/tools/r8/ir/code/Value; @ 37
Event: 116.470 Thread 0x000000001cd00000 Uncommon trap: reason=unstable_if action=reinterpret pc=0x00000000050d8d78 method=com.android.tools.r8.graph.DexString.decode()Ljava/lang/String; @ 53
Event: 116.606 Thread 0x000000001cd00000 Uncommon trap: reason=unstable_if action=reinterpret pc=0x00000000050cca90 method=com.android.tools.r8.graph.DexString.countBytes(Ljava/lang/String;)I @ 25
Event: 116.614 Thread 0x000000001cd00000 Uncommon trap: reason=unstable_if action=reinterpret pc=0x00000000050bab6c method=com.android.tools.r8.graph.DexString.countBytes(Ljava/lang/String;)I @ 25

Classes redefined (0 events):
No events

Internal exceptions (10 events):
Event: 115.254 Thread 0x000000001ccff000 Exception <a 'sun/nio/fs/WindowsException'> (0x00000000e3bd7108) thrown at [D:\src\AOSP-openjdk-cygwin\jdk8u\hotspot\src\share\vm\prims\jni.cpp, line 709]
Event: 115.277 Thread 0x000000001ccff000 Exception <a 'sun/nio/fs/WindowsException'> (0x00000000e3c63f28) thrown at [D:\src\AOSP-openjdk-cygwin\jdk8u\hotspot\src\share\vm\prims\jni.cpp, line 709]
Event: 115.362 Thread 0x000000001cd07800 Exception <a 'sun/nio/fs/WindowsException'> (0x00000000e3ed4a58) thrown at [D:\src\AOSP-openjdk-cygwin\jdk8u\hotspot\src\share\vm\prims\jni.cpp, line 709]
Event: 115.365 Thread 0x000000001cd07800 Exception <a 'sun/nio/fs/WindowsException'> (0x00000000e3eda070) thrown at [D:\src\AOSP-openjdk-cygwin\jdk8u\hotspot\src\share\vm\prims\jni.cpp, line 709]
Event: 115.369 Thread 0x000000001cd07800 Exception <a 'sun/nio/fs/WindowsException'> (0x00000000e3ee0028) thrown at [D:\src\AOSP-openjdk-cygwin\jdk8u\hotspot\src\share\vm\prims\jni.cpp, line 709]
Event: 115.377 Thread 0x000000001cd07800 Exception <a 'sun/nio/fs/WindowsException'> (0x00000000e3ee57e0) thrown at [D:\src\AOSP-openjdk-cygwin\jdk8u\hotspot\src\share\vm\prims\jni.cpp, line 709]
Event: 115.382 Thread 0x000000001cd07800 Exception <a 'sun/nio/fs/WindowsException'> (0x00000000e3eeabc8) thrown at [D:\src\AOSP-openjdk-cygwin\jdk8u\hotspot\src\share\vm\prims\jni.cpp, line 709]
Event: 115.416 Thread 0x000000001ccff000 Exception <a 'sun/nio/fs/WindowsException'> (0x00000000e3ca94e8) thrown at [D:\src\AOSP-openjdk-cygwin\jdk8u\hotspot\src\share\vm\prims\jni.cpp, line 709]
Event: 115.420 Thread 0x000000001ccff000 Exception <a 'sun/nio/fs/WindowsException'> (0x00000000e3cef1f8) thrown at [D:\src\AOSP-openjdk-cygwin\jdk8u\hotspot\src\share\vm\prims\jni.cpp, line 709]
Event: 116.887 Thread 0x000000001cd00000 Exception <a 'sun/nio/fs/WindowsException'> (0x00000000e5ee6820) thrown at [D:\src\AOSP-openjdk-cygwin\jdk8u\hotspot\src\share\vm\prims\jni.cpp, line 709]

Events (10 events):
Event: 116.576 Thread 0x000000001cd00000 DEOPT PACKING pc=0x00000000052936d9 sp=0x000000002463dd50
Event: 116.576 Thread 0x000000001cd00000 DEOPT UNPACKING pc=0x00000000032d75d0 sp=0x000000002463da78 mode 0
Event: 116.606 Thread 0x000000001cd00000 Uncommon trap: trap_request=0xffffff65 fr.pc=0x00000000050cca90
Event: 116.606 Thread 0x000000001cd00000 DEOPT PACKING pc=0x00000000050cca90 sp=0x000000002463d5d0
Event: 116.606 Thread 0x000000001cd00000 DEOPT UNPACKING pc=0x00000000032d557b sp=0x000000002463d4f8 mode 2
Event: 116.614 Thread 0x000000001cd00000 Uncommon trap: trap_request=0xffffff65 fr.pc=0x00000000050bab6c
Event: 116.614 Thread 0x000000001cd00000 DEOPT PACKING pc=0x00000000050bab6c sp=0x000000002463d550
Event: 116.614 Thread 0x000000001cd00000 DEOPT UNPACKING pc=0x00000000032d557b sp=0x000000002463d4e8 mode 2
Event: 116.772 loading class com/android/tools/r8/graph/DexValue$DexValueNull
Event: 116.772 loading class com/android/tools/r8/graph/DexValue$DexValueNull done


Dynamic libraries:
0x00007ff762640000 - 0x00007ff762671000 	C:\Program Files\Android\Android Studio\jre\bin\java.exe
0x00007ff818440000 - 0x00007ff818630000 	C:\WINDOWS\SYSTEM32\ntdll.dll
0x00007ff8177e0000 - 0x00007ff817892000 	C:\WINDOWS\System32\KERNEL32.DLL
0x00007ff8158b0000 - 0x00007ff815b54000 	C:\WINDOWS\System32\KERNELBASE.dll
0x00007fffea540000 - 0x00007fffea65d000 	C:\WINDOWS\System32\AppCheck64.dll
0x00007ff8164c0000 - 0x00007ff816563000 	C:\WINDOWS\System32\ADVAPI32.dll
0x00007ff8171f0000 - 0x00007ff81728e000 	C:\WINDOWS\System32\msvcrt.dll
0x00007ff8172a0000 - 0x00007ff817337000 	C:\WINDOWS\System32\sechost.dll
0x00007ff8182b0000 - 0x00007ff8183d0000 	C:\WINDOWS\System32\RPCRT4.dll
0x00007ff818030000 - 0x00007ff8181c4000 	C:\WINDOWS\System32\USER32.dll
0x00007ff815880000 - 0x00007ff8158a1000 	C:\WINDOWS\System32\win32u.dll
0x00007ff817340000 - 0x00007ff817366000 	C:\WINDOWS\System32\GDI32.dll
0x00007ff8154a0000 - 0x00007ff815634000 	C:\WINDOWS\System32\gdi32full.dll
0x00007ff815640000 - 0x00007ff8156de000 	C:\WINDOWS\System32\msvcp_win.dll
0x00007ff815c40000 - 0x00007ff815d3a000 	C:\WINDOWS\System32\ucrtbase.dll
0x00007ff80ab30000 - 0x00007ff80adb4000 	C:\WINDOWS\WinSxS\amd64_microsoft.windows.common-controls_6595b64144ccf1df_6.0.18362.836_none_e6c4b943130f18ed\COMCTL32.dll
0x00007ff817370000 - 0x00007ff8176a6000 	C:\WINDOWS\System32\combase.dll
0x00007ff815bc0000 - 0x00007ff815c40000 	C:\WINDOWS\System32\bcryptPrimitives.dll
0x00007ff810720000 - 0x00007ff81072a000 	C:\WINDOWS\SYSTEM32\VERSION.dll
0x00007ff816920000 - 0x00007ff81694e000 	C:\WINDOWS\System32\IMM32.DLL
0x0000000066b40000 - 0x0000000066c12000 	C:\Program Files\Android\Android Studio\jre\jre\bin\msvcr100.dll
0x0000000065ae0000 - 0x0000000066321000 	C:\Program Files\Android\Android Studio\jre\jre\bin\server\jvm.dll
0x00007ff817290000 - 0x00007ff817298000 	C:\WINDOWS\System32\PSAPI.DLL
0x00007ff80cfc0000 - 0x00007ff80cfe4000 	C:\WINDOWS\SYSTEM32\WINMM.dll
0x00007ff808650000 - 0x00007ff808659000 	C:\WINDOWS\SYSTEM32\WSOCK32.dll
0x00007ff818240000 - 0x00007ff8182af000 	C:\WINDOWS\System32\WS2_32.dll
0x00007ff80cf90000 - 0x00007ff80cfbd000 	C:\WINDOWS\SYSTEM32\winmmbase.dll
0x00007ff8156e0000 - 0x00007ff81572a000 	C:\WINDOWS\System32\cfgmgr32.dll
0x00007ff80d1a0000 - 0x00007ff80d1af000 	C:\Program Files\Android\Android Studio\jre\jre\bin\verify.dll
0x00007ffff8390000 - 0x00007ffff83b9000 	C:\Program Files\Android\Android Studio\jre\jre\bin\java.dll
0x00007ff804970000 - 0x00007ff804986000 	C:\Program Files\Android\Android Studio\jre\jre\bin\zip.dll
0x00007ff816950000 - 0x00007ff817034000 	C:\WINDOWS\System32\SHELL32.dll
0x00007ff816570000 - 0x00007ff816619000 	C:\WINDOWS\System32\shcore.dll
0x00007ff815d40000 - 0x00007ff8164be000 	C:\WINDOWS\System32\windows.storage.dll
0x00007ff815320000 - 0x00007ff815343000 	C:\WINDOWS\System32\profapi.dll
0x00007ff815350000 - 0x00007ff81539a000 	C:\WINDOWS\System32\powrprof.dll
0x00007ff8152d0000 - 0x00007ff8152e0000 	C:\WINDOWS\System32\UMPDC.dll
0x00007ff816750000 - 0x00007ff8167a2000 	C:\WINDOWS\System32\shlwapi.dll
0x00007ff8152e0000 - 0x00007ff8152f1000 	C:\WINDOWS\System32\kernel.appcore.dll
0x00007ff815480000 - 0x00007ff815497000 	C:\WINDOWS\System32\cryptsp.dll
0x00007ff8048d0000 - 0x00007ff8048ea000 	C:\Program Files\Android\Android Studio\jre\jre\bin\net.dll
0x00007ff814ae0000 - 0x00007ff814b47000 	C:\WINDOWS\system32\mswsock.dll
0x00007ffffd1b0000 - 0x00007ffffd1c1000 	C:\Program Files\Android\Android Studio\jre\jre\bin\nio.dll
0x00007ffff7b20000 - 0x00007ffff7b3e000 	C:\Users\yoony\.gradle\native\25\windows-amd64\native-platform.dll
0x00007ff80a360000 - 0x00007ff80a36d000 	C:\Program Files\Android\Android Studio\jre\jre\bin\management.dll
0x00007ff814650000 - 0x00007ff814683000 	C:\WINDOWS\system32\rsaenh.dll
0x00007ff8153a0000 - 0x00007ff8153c6000 	C:\WINDOWS\System32\bcrypt.dll
0x00007ff8151c0000 - 0x00007ff8151e5000 	C:\WINDOWS\SYSTEM32\USERENV.dll
0x00007ff814cb0000 - 0x00007ff814cbc000 	C:\WINDOWS\SYSTEM32\CRYPTBASE.dll
0x00007ff8147f0000 - 0x00007ff81482a000 	C:\WINDOWS\SYSTEM32\IPHLPAPI.DLL
0x00007ff8167b0000 - 0x00007ff8167b8000 	C:\WINDOWS\System32\NSI.dll
0x00007ff80ed60000 - 0x00007ff80ed76000 	C:\WINDOWS\SYSTEM32\dhcpcsvc6.DLL
0x00007ff80ee70000 - 0x00007ff80ee8c000 	C:\WINDOWS\SYSTEM32\dhcpcsvc.DLL
0x00007ff814830000 - 0x00007ff8148fb000 	C:\WINDOWS\SYSTEM32\DNSAPI.dll
0x00007ff80d280000 - 0x00007ff80d28a000 	C:\Windows\System32\rasadhlp.dll
0x00007ff80e3e0000 - 0x00007ff80e457000 	C:\WINDOWS\System32\fwpuclnt.dll

VM Arguments:
jvm_args: -Xmx1536m -Dfile.encoding=x-windows-949 -Duser.country=KR -Duser.language=ko -Duser.variant 
java_command: org.gradle.launcher.daemon.bootstrap.GradleDaemon 4.6
java_class_path (initial): C:\Users\yoony\.gradle\wrapper\dists\gradle-4.6-all\bcst21l2brirad8k2ben1letg\gradle-4.6\lib\gradle-launcher-4.6.jar
Launcher Type: SUN_STANDARD

Environment Variables:
PATH=C:\Program Files (x86)\Intel\iCLS Client\;C:\Program Files\Intel\iCLS Client\;C:\WINDOWS\system32;C:\WINDOWS;C:\WINDOWS\System32\Wbem;C:\WINDOWS\System32\WindowsPowerShell\v1.0\;C:\Program Files\Intel\WiFi\bin\;C:\Program Files\Common Files\Intel\WirelessCommon\;C:\WINDOWS\System32\OpenSSH\;C:\Program Files (x86)\Intel\Intel(R) Management Engine Components\DAL;C:\Program Files\Intel\Intel(R) Management Engine Components\DAL;C:\Program Files (x86)\Intel\Intel(R) Management Engine Components\IPT;C:\Program Files\Intel\Intel(R) Management Engine Components\IPT;C:\Program Files\Git\cmd;C:\Users\yoony\AppData\Local\Microsoft\WindowsApps;C:\Program Files\Bandizip\;C:\Users\yoony\AppData\Local\atom\bin;C:\Users\yoony\AppData\Local\GitHubDesktop\bin
USERNAME=yoony
OS=Windows_NT
PROCESSOR_IDENTIFIER=Intel64 Family 6 Model 78 Stepping 3, GenuineIntel



---------------  S Y S T E M  ---------------

OS: Windows 10.0 , 64 bit Build 18362 (10.0.18362.778)

CPU:total 4 (initial active 4) (2 cores per cpu, 2 threads per core) family 6 model 78 stepping 3, cmov, cx8, fxsr, mmx, sse, sse2, sse3, ssse3, sse4.1, sse4.2, popcnt, avx, avx2, aes, clmul, erms, 3dnowpref, lzcnt, ht, tsc, tscinvbit, bmi1, bmi2, adx

Memory: 4k page, physical 4110408k(56308k free), swap 16693320k(5132k free)

vm_info: OpenJDK 64-Bit Server VM (25.152-b06) for windows-amd64 JRE (1.8.0_152-release-1136-b06), built by "builder" with MS VC++ 10.0 (VS2010)

time: Mon May 25 16:37:28 2020
elapsed time: 116 seconds (0d 0h 1m 56s)

